Determining if the pthread_create exist failed with the following output:
Change Dir: /home/adrian/PointCloudComparator/build/CMakeFiles/CMakeTmp

Run Build Command:"/usr/bin/make" "cmTC_4f0ca/fast"
/usr/bin/make -f CMakeFiles/cmTC_4f0ca.dir/build.make CMakeFiles/cmTC_4f0ca.dir/build
make[1]: se ingresa al directorio «/home/adrian/PointCloudComparator/build/CMakeFiles/CMakeTmp»
Building C object CMakeFiles/cmTC_4f0ca.dir/CheckSymbolExists.c.o
/usr/bin/cc     -o CMakeFiles/cmTC_4f0ca.dir/CheckSymbolExists.c.o   -c /home/adrian/PointCloudComparator/build/CMakeFiles/CMakeTmp/CheckSymbolExists.c
Linking C executable cmTC_4f0ca
/usr/local/bin/cmake -E cmake_link_script CMakeFiles/cmTC_4f0ca.dir/link.txt --verbose=1
/usr/bin/cc       CMakeFiles/cmTC_4f0ca.dir/CheckSymbolExists.c.o  -o cmTC_4f0ca -rdynamic 
CMakeFiles/cmTC_4f0ca.dir/CheckSymbolExists.c.o: En la función `main':
CheckSymbolExists.c:(.text+0x16): referencia a `pthread_create' sin definir
collect2: error: ld returned 1 exit status
make[1]: *** [cmTC_4f0ca] Error 1
make[1]: se sale del directorio «/home/adrian/PointCloudComparator/build/CMakeFiles/CMakeTmp»
make: *** [cmTC_4f0ca/fast] Error 2

File /home/adrian/PointCloudComparator/build/CMakeFiles/CMakeTmp/CheckSymbolExists.c:
/* */
#include <pthread.h>

int main(int argc, char** argv)
{
  (void)argv;
#ifndef pthread_create
  return ((int*)(&pthread_create))[argc];
#else
  (void)argc;
  return 0;
#endif
}

Determining if the function pthread_create exists in the pthreads failed with the following output:
Change Dir: /home/adrian/PointCloudComparator/build/CMakeFiles/CMakeTmp

Run Build Command:"/usr/bin/make" "cmTC_2238d/fast"
/usr/bin/make -f CMakeFiles/cmTC_2238d.dir/build.make CMakeFiles/cmTC_2238d.dir/build
make[1]: se ingresa al directorio «/home/adrian/PointCloudComparator/build/CMakeFiles/CMakeTmp»
Building C object CMakeFiles/cmTC_2238d.dir/CheckFunctionExists.c.o
/usr/bin/cc    -DCHECK_FUNCTION_EXISTS=pthread_create   -o CMakeFiles/cmTC_2238d.dir/CheckFunctionExists.c.o   -c /usr/local/share/cmake-3.7/Modules/CheckFunctionExists.c
Linking C executable cmTC_2238d
/usr/local/bin/cmake -E cmake_link_script CMakeFiles/cmTC_2238d.dir/link.txt --verbose=1
/usr/bin/cc   -DCHECK_FUNCTION_EXISTS=pthread_create    CMakeFiles/cmTC_2238d.dir/CheckFunctionExists.c.o  -o cmTC_2238d -rdynamic -lpthreads 
/usr/bin/ld: no se puede encontrar -lpthreads
collect2: error: ld returned 1 exit status
make[1]: *** [cmTC_2238d] Error 1
make[1]: se sale del directorio «/home/adrian/PointCloudComparator/build/CMakeFiles/CMakeTmp»
make: *** [cmTC_2238d/fast] Error 2


Determining if the pthread_create exist failed with the following output:
Change Dir: /home/adrian/PointCloudComparator/build/CMakeFiles/CMakeTmp

Run Build Command:"/usr/bin/make" "cmTC_ed0fe/fast"
/usr/bin/make -f CMakeFiles/cmTC_ed0fe.dir/build.make CMakeFiles/cmTC_ed0fe.dir/build
make[1]: se ingresa al directorio «/home/adrian/PointCloudComparator/build/CMakeFiles/CMakeTmp»
Building C object CMakeFiles/cmTC_ed0fe.dir/CheckSymbolExists.c.o
/usr/bin/cc     -o CMakeFiles/cmTC_ed0fe.dir/CheckSymbolExists.c.o   -c /home/adrian/PointCloudComparator/build/CMakeFiles/CMakeTmp/CheckSymbolExists.c
Linking C executable cmTC_ed0fe
/usr/local/bin/cmake -E cmake_link_script CMakeFiles/cmTC_ed0fe.dir/link.txt --verbose=1
/usr/bin/cc       CMakeFiles/cmTC_ed0fe.dir/CheckSymbolExists.c.o  -o cmTC_ed0fe -rdynamic 
CMakeFiles/cmTC_ed0fe.dir/CheckSymbolExists.c.o: En la función `main':
CheckSymbolExists.c:(.text+0x16): referencia a `pthread_create' sin definir
collect2: error: ld returned 1 exit status
make[1]: *** [cmTC_ed0fe] Error 1
make[1]: se sale del directorio «/home/adrian/PointCloudComparator/build/CMakeFiles/CMakeTmp»
make: *** [cmTC_ed0fe/fast] Error 2

File /home/adrian/PointCloudComparator/build/CMakeFiles/CMakeTmp/CheckSymbolExists.c:
/* */
#include <pthread.h>

int main(int argc, char** argv)
{
  (void)argv;
#ifndef pthread_create
  return ((int*)(&pthread_create))[argc];
#else
  (void)argc;
  return 0;
#endif
}

Determining if the function pthread_create exists in the pthreads failed with the following output:
Change Dir: /home/adrian/PointCloudComparator/build/CMakeFiles/CMakeTmp

Run Build Command:"/usr/bin/make" "cmTC_f9b58/fast"
/usr/bin/make -f CMakeFiles/cmTC_f9b58.dir/build.make CMakeFiles/cmTC_f9b58.dir/build
make[1]: se ingresa al directorio «/home/adrian/PointCloudComparator/build/CMakeFiles/CMakeTmp»
Building C object CMakeFiles/cmTC_f9b58.dir/CheckFunctionExists.c.o
/usr/bin/cc    -DCHECK_FUNCTION_EXISTS=pthread_create   -o CMakeFiles/cmTC_f9b58.dir/CheckFunctionExists.c.o   -c /usr/local/share/cmake-3.7/Modules/CheckFunctionExists.c
Linking C executable cmTC_f9b58
/usr/local/bin/cmake -E cmake_link_script CMakeFiles/cmTC_f9b58.dir/link.txt --verbose=1
/usr/bin/cc   -DCHECK_FUNCTION_EXISTS=pthread_create    CMakeFiles/cmTC_f9b58.dir/CheckFunctionExists.c.o  -o cmTC_f9b58 -rdynamic -lpthreads 
/usr/bin/ld: no se puede encontrar -lpthreads
collect2: error: ld returned 1 exit status
make[1]: *** [cmTC_f9b58] Error 1
make[1]: se sale del directorio «/home/adrian/PointCloudComparator/build/CMakeFiles/CMakeTmp»
make: *** [cmTC_f9b58/fast] Error 2


